<?xml version="1.0" encoding="UTF-8"?>
<testng-results skipped="0" failed="0" ignored="0" total="2" passed="2">
  <reporter-output>
  </reporter-output>
  <suite name="Default suite" duration-ms="25707" started-at="2020-12-12T03:17:45Z" finished-at="2020-12-12T03:18:11Z">
    <groups>
      <group name="cucumber">
        <method signature="AbstractTestNGCucumberTests.runScenario(io.cucumber.testng.PickleWrapper, io.cucumber.testng.FeatureWrapper)[pri:0, instance:com.testRunners.TestRunner@282308c3]" name="runScenario" class="io.cucumber.testng.AbstractTestNGCucumberTests"/>
      </group> <!-- cucumber -->
    </groups>
    <test name="Default test" duration-ms="25707" started-at="2020-12-12T03:17:45Z" finished-at="2020-12-12T03:18:11Z">
      <class name="com.testRunners.TestRunner">
        <test-method status="PASS" signature="setUpClass()[pri:0, instance:com.testRunners.TestRunner@282308c3]" name="setUpClass" is-config="true" duration-ms="678" started-at="2020-12-12T03:17:45Z" finished-at="2020-12-12T03:17:46Z">
          <reporter-output>
          </reporter-output>
        </test-method> <!-- setUpClass -->
        <test-method status="PASS" signature="runScenario(io.cucumber.testng.PickleWrapper, io.cucumber.testng.FeatureWrapper)[pri:0, instance:com.testRunners.TestRunner@282308c3]" name="runScenario" duration-ms="14828" started-at="2020-12-12T03:17:46Z" description="Runs Cucumber Scenarios" data-provider="scenarios" finished-at="2020-12-12T03:18:01Z">
          <params>
            <param index="0">
              <value>
                <![CDATA["To test the crm Login Functionality for Valid User"]]>
              </value>
            </param>
            <param index="1">
              <value>
                <![CDATA["To test the crm application Login"]]>
              </value>
            </param>
          </params>
          <reporter-output>
          </reporter-output>
        </test-method> <!-- runScenario -->
        <test-method status="PASS" signature="runScenario(io.cucumber.testng.PickleWrapper, io.cucumber.testng.FeatureWrapper)[pri:0, instance:com.testRunners.TestRunner@282308c3]" name="runScenario" duration-ms="9386" started-at="2020-12-12T03:18:01Z" description="Runs Cucumber Scenarios" data-provider="scenarios" finished-at="2020-12-12T03:18:10Z">
          <params>
            <param index="0">
              <value>
                <![CDATA["To test the crm Login Functionality for InValid User"]]>
              </value>
            </param>
            <param index="1">
              <value>
                <![CDATA["To test the crm application Login"]]>
              </value>
            </param>
          </params>
          <reporter-output>
          </reporter-output>
        </test-method> <!-- runScenario -->
        <test-method status="PASS" signature="tearDownClass()[pri:0, instance:com.testRunners.TestRunner@282308c3]" name="tearDownClass" is-config="true" duration-ms="656" started-at="2020-12-12T03:18:10Z" finished-at="2020-12-12T03:18:11Z">
          <reporter-output>
          </reporter-output>
        </test-method> <!-- tearDownClass -->
      </class> <!-- com.testRunners.TestRunner -->
    </test> <!-- Default test -->
  </suite> <!-- Default suite -->
</testng-results>
